<?xml version="1.0" encoding="UTF-8"?>
<testsuite xmlns:xsi="http://www.w3.org/2001/XMLSchema-instance" xsi:noNamespaceSchemaLocation="https://maven.apache.org/surefire/maven-surefire-plugin/xsd/surefire-test-report.xsd" name="com.xuecheng.test.freemarker.FreemarkerTest" time="11.684" tests="2" errors="0" skipped="0" failures="0">
  <properties>
    <property name="sun.desktop" value="windows"/>
    <property name="awt.toolkit" value="sun.awt.windows.WToolkit"/>
    <property name="file.encoding.pkg" value="sun.io"/>
    <property name="java.specification.version" value="1.8"/>
    <property name="sun.cpu.isalist" value="amd64"/>
    <property name="sun.jnu.encoding" value="GBK"/>
    <property name="java.class.path" value="F:\xcEduservice\test-freemarker\target\test-classes;F:\xcEduservice\test-freemarker\target\classes;D:\Develop\apache-maven-3.5.2\maven_repository\org\springframework\boot\spring-boot-starter-freemarker\2.0.1.RELEASE\spring-boot-starter-freemarker-2.0.1.RELEASE.jar;D:\Develop\apache-maven-3.5.2\maven_repository\org\springframework\boot\spring-boot-starter\2.0.1.RELEASE\spring-boot-starter-2.0.1.RELEASE.jar;D:\Develop\apache-maven-3.5.2\maven_repository\org\springframework\boot\spring-boot\2.0.1.RELEASE\spring-boot-2.0.1.RELEASE.jar;D:\Develop\apache-maven-3.5.2\maven_repository\org\springframework\boot\spring-boot-autoconfigure\2.0.1.RELEASE\spring-boot-autoconfigure-2.0.1.RELEASE.jar;D:\Develop\apache-maven-3.5.2\maven_repository\org\springframework\boot\spring-boot-starter-logging\2.0.1.RELEASE\spring-boot-starter-logging-2.0.1.RELEASE.jar;D:\Develop\apache-maven-3.5.2\maven_repository\ch\qos\logback\logback-classic\1.2.3\logback-classic-1.2.3.jar;D:\Develop\apache-maven-3.5.2\maven_repository\ch\qos\logback\logback-core\1.2.3\logback-core-1.2.3.jar;D:\Develop\apache-maven-3.5.2\maven_repository\org\apache\logging\log4j\log4j-to-slf4j\2.10.0\log4j-to-slf4j-2.10.0.jar;D:\Develop\apache-maven-3.5.2\maven_repository\org\apache\logging\log4j\log4j-api\2.10.0\log4j-api-2.10.0.jar;D:\Develop\apache-maven-3.5.2\maven_repository\org\slf4j\jul-to-slf4j\1.7.25\jul-to-slf4j-1.7.25.jar;D:\Develop\apache-maven-3.5.2\maven_repository\javax\annotation\javax.annotation-api\1.3.2\javax.annotation-api-1.3.2.jar;D:\Develop\apache-maven-3.5.2\maven_repository\org\yaml\snakeyaml\1.19\snakeyaml-1.19.jar;D:\Develop\apache-maven-3.5.2\maven_repository\org\freemarker\freemarker\2.3.28\freemarker-2.3.28.jar;D:\Develop\apache-maven-3.5.2\maven_repository\org\springframework\spring-context-support\5.0.5.RELEASE\spring-context-support-5.0.5.RELEASE.jar;D:\Develop\apache-maven-3.5.2\maven_repository\org\springframework\spring-beans\5.0.5.RELEASE\spring-beans-5.0.5.RELEASE.jar;D:\Develop\apache-maven-3.5.2\maven_repository\org\springframework\spring-context\5.0.5.RELEASE\spring-context-5.0.5.RELEASE.jar;D:\Develop\apache-maven-3.5.2\maven_repository\org\springframework\boot\spring-boot-starter-web\2.0.1.RELEASE\spring-boot-starter-web-2.0.1.RELEASE.jar;D:\Develop\apache-maven-3.5.2\maven_repository\org\springframework\boot\spring-boot-starter-json\2.0.1.RELEASE\spring-boot-starter-json-2.0.1.RELEASE.jar;D:\Develop\apache-maven-3.5.2\maven_repository\com\fasterxml\jackson\core\jackson-databind\2.9.5\jackson-databind-2.9.5.jar;D:\Develop\apache-maven-3.5.2\maven_repository\com\fasterxml\jackson\core\jackson-annotations\2.9.0\jackson-annotations-2.9.0.jar;D:\Develop\apache-maven-3.5.2\maven_repository\com\fasterxml\jackson\core\jackson-core\2.9.5\jackson-core-2.9.5.jar;D:\Develop\apache-maven-3.5.2\maven_repository\com\fasterxml\jackson\datatype\jackson-datatype-jdk8\2.9.5\jackson-datatype-jdk8-2.9.5.jar;D:\Develop\apache-maven-3.5.2\maven_repository\com\fasterxml\jackson\datatype\jackson-datatype-jsr310\2.9.5\jackson-datatype-jsr310-2.9.5.jar;D:\Develop\apache-maven-3.5.2\maven_repository\com\fasterxml\jackson\module\jackson-module-parameter-names\2.9.5\jackson-module-parameter-names-2.9.5.jar;D:\Develop\apache-maven-3.5.2\maven_repository\org\springframework\boot\spring-boot-starter-tomcat\2.0.1.RELEASE\spring-boot-starter-tomcat-2.0.1.RELEASE.jar;D:\Develop\apache-maven-3.5.2\maven_repository\org\apache\tomcat\embed\tomcat-embed-core\8.5.28\tomcat-embed-core-8.5.28.jar;D:\Develop\apache-maven-3.5.2\maven_repository\org\apache\tomcat\embed\tomcat-embed-el\8.5.28\tomcat-embed-el-8.5.28.jar;D:\Develop\apache-maven-3.5.2\maven_repository\org\apache\tomcat\embed\tomcat-embed-websocket\8.5.28\tomcat-embed-websocket-8.5.28.jar;D:\Develop\apache-maven-3.5.2\maven_repository\org\hibernate\validator\hibernate-validator\6.0.9.Final\hibernate-validator-6.0.9.Final.jar;D:\Develop\apache-maven-3.5.2\maven_repository\javax\validation\validation-api\2.0.1.Final\validation-api-2.0.1.Final.jar;D:\Develop\apache-maven-3.5.2\maven_repository\org\jboss\logging\jboss-logging\3.3.2.Final\jboss-logging-3.3.2.Final.jar;D:\Develop\apache-maven-3.5.2\maven_repository\com\fasterxml\classmate\1.3.4\classmate-1.3.4.jar;D:\Develop\apache-maven-3.5.2\maven_repository\org\springframework\spring-web\5.0.5.RELEASE\spring-web-5.0.5.RELEASE.jar;D:\Develop\apache-maven-3.5.2\maven_repository\org\springframework\spring-webmvc\5.0.5.RELEASE\spring-webmvc-5.0.5.RELEASE.jar;D:\Develop\apache-maven-3.5.2\maven_repository\org\springframework\spring-aop\5.0.5.RELEASE\spring-aop-5.0.5.RELEASE.jar;D:\Develop\apache-maven-3.5.2\maven_repository\org\springframework\spring-expression\5.0.5.RELEASE\spring-expression-5.0.5.RELEASE.jar;D:\Develop\apache-maven-3.5.2\maven_repository\org\projectlombok\lombok\1.16.16\lombok-1.16.16.jar;D:\Develop\apache-maven-3.5.2\maven_repository\com\squareup\okhttp3\okhttp\3.9.1\okhttp-3.9.1.jar;D:\Develop\apache-maven-3.5.2\maven_repository\com\squareup\okio\okio\1.13.0\okio-1.13.0.jar;D:\Develop\apache-maven-3.5.2\maven_repository\org\springframework\boot\spring-boot-starter-test\2.0.1.RELEASE\spring-boot-starter-test-2.0.1.RELEASE.jar;D:\Develop\apache-maven-3.5.2\maven_repository\org\springframework\boot\spring-boot-test\2.0.1.RELEASE\spring-boot-test-2.0.1.RELEASE.jar;D:\Develop\apache-maven-3.5.2\maven_repository\org\springframework\boot\spring-boot-test-autoconfigure\2.0.1.RELEASE\spring-boot-test-autoconfigure-2.0.1.RELEASE.jar;D:\Develop\apache-maven-3.5.2\maven_repository\com\jayway\jsonpath\json-path\2.4.0\json-path-2.4.0.jar;D:\Develop\apache-maven-3.5.2\maven_repository\net\minidev\json-smart\2.3\json-smart-2.3.jar;D:\Develop\apache-maven-3.5.2\maven_repository\net\minidev\accessors-smart\1.2\accessors-smart-1.2.jar;D:\Develop\apache-maven-3.5.2\maven_repository\org\ow2\asm\asm\5.0.4\asm-5.0.4.jar;D:\Develop\apache-maven-3.5.2\maven_repository\org\slf4j\slf4j-api\1.7.25\slf4j-api-1.7.25.jar;D:\Develop\apache-maven-3.5.2\maven_repository\junit\junit\4.12\junit-4.12.jar;D:\Develop\apache-maven-3.5.2\maven_repository\org\assertj\assertj-core\3.9.1\assertj-core-3.9.1.jar;D:\Develop\apache-maven-3.5.2\maven_repository\org\mockito\mockito-core\2.15.0\mockito-core-2.15.0.jar;D:\Develop\apache-maven-3.5.2\maven_repository\net\bytebuddy\byte-buddy\1.7.11\byte-buddy-1.7.11.jar;D:\Develop\apache-maven-3.5.2\maven_repository\net\bytebuddy\byte-buddy-agent\1.7.11\byte-buddy-agent-1.7.11.jar;D:\Develop\apache-maven-3.5.2\maven_repository\org\objenesis\objenesis\2.6\objenesis-2.6.jar;D:\Develop\apache-maven-3.5.2\maven_repository\org\hamcrest\hamcrest-core\1.3\hamcrest-core-1.3.jar;D:\Develop\apache-maven-3.5.2\maven_repository\org\hamcrest\hamcrest-library\1.3\hamcrest-library-1.3.jar;D:\Develop\apache-maven-3.5.2\maven_repository\org\skyscreamer\jsonassert\1.5.0\jsonassert-1.5.0.jar;D:\Develop\apache-maven-3.5.2\maven_repository\com\vaadin\external\google\android-json\0.0.20131108.vaadin1\android-json-0.0.20131108.vaadin1.jar;D:\Develop\apache-maven-3.5.2\maven_repository\org\springframework\spring-core\5.0.5.RELEASE\spring-core-5.0.5.RELEASE.jar;D:\Develop\apache-maven-3.5.2\maven_repository\org\springframework\spring-jcl\5.0.5.RELEASE\spring-jcl-5.0.5.RELEASE.jar;D:\Develop\apache-maven-3.5.2\maven_repository\org\springframework\spring-test\5.0.5.RELEASE\spring-test-5.0.5.RELEASE.jar;D:\Develop\apache-maven-3.5.2\maven_repository\org\xmlunit\xmlunit-core\2.5.1\xmlunit-core-2.5.1.jar;D:\Develop\apache-maven-3.5.2\maven_repository\commons-io\commons-io\1.3.2\commons-io-1.3.2.jar;"/>
    <property name="java.vm.vendor" value="Oracle Corporation"/>
    <property name="sun.arch.data.model" value="64"/>
    <property name="user.variant" value=""/>
    <property name="java.vendor.url" value="http://java.oracle.com/"/>
    <property name="user.timezone" value=""/>
    <property name="java.vm.specification.version" value="1.8"/>
    <property name="os.name" value="Windows 10"/>
    <property name="user.country" value="CN"/>
    <property name="sun.java.launcher" value="SUN_STANDARD"/>
    <property name="sun.boot.library.path" value="D:\java\jdk1.8\jre\bin"/>
    <property name="sun.java.command" value="C:\Users\MAIBEN~1\AppData\Local\Temp\surefire7071621510491352398\surefirebooter7407747699419146252.jar C:\Users\MaiBenBen\AppData\Local\Temp\surefire7071621510491352398 2019-08-17T15-55-54_731-jvmRun1 surefire4967993568878063105tmp surefire_01356133705605655013tmp"/>
    <property name="surefire.test.class.path" value="F:\xcEduservice\test-freemarker\target\test-classes;F:\xcEduservice\test-freemarker\target\classes;D:\Develop\apache-maven-3.5.2\maven_repository\org\springframework\boot\spring-boot-starter-freemarker\2.0.1.RELEASE\spring-boot-starter-freemarker-2.0.1.RELEASE.jar;D:\Develop\apache-maven-3.5.2\maven_repository\org\springframework\boot\spring-boot-starter\2.0.1.RELEASE\spring-boot-starter-2.0.1.RELEASE.jar;D:\Develop\apache-maven-3.5.2\maven_repository\org\springframework\boot\spring-boot\2.0.1.RELEASE\spring-boot-2.0.1.RELEASE.jar;D:\Develop\apache-maven-3.5.2\maven_repository\org\springframework\boot\spring-boot-autoconfigure\2.0.1.RELEASE\spring-boot-autoconfigure-2.0.1.RELEASE.jar;D:\Develop\apache-maven-3.5.2\maven_repository\org\springframework\boot\spring-boot-starter-logging\2.0.1.RELEASE\spring-boot-starter-logging-2.0.1.RELEASE.jar;D:\Develop\apache-maven-3.5.2\maven_repository\ch\qos\logback\logback-classic\1.2.3\logback-classic-1.2.3.jar;D:\Develop\apache-maven-3.5.2\maven_repository\ch\qos\logback\logback-core\1.2.3\logback-core-1.2.3.jar;D:\Develop\apache-maven-3.5.2\maven_repository\org\apache\logging\log4j\log4j-to-slf4j\2.10.0\log4j-to-slf4j-2.10.0.jar;D:\Develop\apache-maven-3.5.2\maven_repository\org\apache\logging\log4j\log4j-api\2.10.0\log4j-api-2.10.0.jar;D:\Develop\apache-maven-3.5.2\maven_repository\org\slf4j\jul-to-slf4j\1.7.25\jul-to-slf4j-1.7.25.jar;D:\Develop\apache-maven-3.5.2\maven_repository\javax\annotation\javax.annotation-api\1.3.2\javax.annotation-api-1.3.2.jar;D:\Develop\apache-maven-3.5.2\maven_repository\org\yaml\snakeyaml\1.19\snakeyaml-1.19.jar;D:\Develop\apache-maven-3.5.2\maven_repository\org\freemarker\freemarker\2.3.28\freemarker-2.3.28.jar;D:\Develop\apache-maven-3.5.2\maven_repository\org\springframework\spring-context-support\5.0.5.RELEASE\spring-context-support-5.0.5.RELEASE.jar;D:\Develop\apache-maven-3.5.2\maven_repository\org\springframework\spring-beans\5.0.5.RELEASE\spring-beans-5.0.5.RELEASE.jar;D:\Develop\apache-maven-3.5.2\maven_repository\org\springframework\spring-context\5.0.5.RELEASE\spring-context-5.0.5.RELEASE.jar;D:\Develop\apache-maven-3.5.2\maven_repository\org\springframework\boot\spring-boot-starter-web\2.0.1.RELEASE\spring-boot-starter-web-2.0.1.RELEASE.jar;D:\Develop\apache-maven-3.5.2\maven_repository\org\springframework\boot\spring-boot-starter-json\2.0.1.RELEASE\spring-boot-starter-json-2.0.1.RELEASE.jar;D:\Develop\apache-maven-3.5.2\maven_repository\com\fasterxml\jackson\core\jackson-databind\2.9.5\jackson-databind-2.9.5.jar;D:\Develop\apache-maven-3.5.2\maven_repository\com\fasterxml\jackson\core\jackson-annotations\2.9.0\jackson-annotations-2.9.0.jar;D:\Develop\apache-maven-3.5.2\maven_repository\com\fasterxml\jackson\core\jackson-core\2.9.5\jackson-core-2.9.5.jar;D:\Develop\apache-maven-3.5.2\maven_repository\com\fasterxml\jackson\datatype\jackson-datatype-jdk8\2.9.5\jackson-datatype-jdk8-2.9.5.jar;D:\Develop\apache-maven-3.5.2\maven_repository\com\fasterxml\jackson\datatype\jackson-datatype-jsr310\2.9.5\jackson-datatype-jsr310-2.9.5.jar;D:\Develop\apache-maven-3.5.2\maven_repository\com\fasterxml\jackson\module\jackson-module-parameter-names\2.9.5\jackson-module-parameter-names-2.9.5.jar;D:\Develop\apache-maven-3.5.2\maven_repository\org\springframework\boot\spring-boot-starter-tomcat\2.0.1.RELEASE\spring-boot-starter-tomcat-2.0.1.RELEASE.jar;D:\Develop\apache-maven-3.5.2\maven_repository\org\apache\tomcat\embed\tomcat-embed-core\8.5.28\tomcat-embed-core-8.5.28.jar;D:\Develop\apache-maven-3.5.2\maven_repository\org\apache\tomcat\embed\tomcat-embed-el\8.5.28\tomcat-embed-el-8.5.28.jar;D:\Develop\apache-maven-3.5.2\maven_repository\org\apache\tomcat\embed\tomcat-embed-websocket\8.5.28\tomcat-embed-websocket-8.5.28.jar;D:\Develop\apache-maven-3.5.2\maven_repository\org\hibernate\validator\hibernate-validator\6.0.9.Final\hibernate-validator-6.0.9.Final.jar;D:\Develop\apache-maven-3.5.2\maven_repository\javax\validation\validation-api\2.0.1.Final\validation-api-2.0.1.Final.jar;D:\Develop\apache-maven-3.5.2\maven_repository\org\jboss\logging\jboss-logging\3.3.2.Final\jboss-logging-3.3.2.Final.jar;D:\Develop\apache-maven-3.5.2\maven_repository\com\fasterxml\classmate\1.3.4\classmate-1.3.4.jar;D:\Develop\apache-maven-3.5.2\maven_repository\org\springframework\spring-web\5.0.5.RELEASE\spring-web-5.0.5.RELEASE.jar;D:\Develop\apache-maven-3.5.2\maven_repository\org\springframework\spring-webmvc\5.0.5.RELEASE\spring-webmvc-5.0.5.RELEASE.jar;D:\Develop\apache-maven-3.5.2\maven_repository\org\springframework\spring-aop\5.0.5.RELEASE\spring-aop-5.0.5.RELEASE.jar;D:\Develop\apache-maven-3.5.2\maven_repository\org\springframework\spring-expression\5.0.5.RELEASE\spring-expression-5.0.5.RELEASE.jar;D:\Develop\apache-maven-3.5.2\maven_repository\org\projectlombok\lombok\1.16.16\lombok-1.16.16.jar;D:\Develop\apache-maven-3.5.2\maven_repository\com\squareup\okhttp3\okhttp\3.9.1\okhttp-3.9.1.jar;D:\Develop\apache-maven-3.5.2\maven_repository\com\squareup\okio\okio\1.13.0\okio-1.13.0.jar;D:\Develop\apache-maven-3.5.2\maven_repository\org\springframework\boot\spring-boot-starter-test\2.0.1.RELEASE\spring-boot-starter-test-2.0.1.RELEASE.jar;D:\Develop\apache-maven-3.5.2\maven_repository\org\springframework\boot\spring-boot-test\2.0.1.RELEASE\spring-boot-test-2.0.1.RELEASE.jar;D:\Develop\apache-maven-3.5.2\maven_repository\org\springframework\boot\spring-boot-test-autoconfigure\2.0.1.RELEASE\spring-boot-test-autoconfigure-2.0.1.RELEASE.jar;D:\Develop\apache-maven-3.5.2\maven_repository\com\jayway\jsonpath\json-path\2.4.0\json-path-2.4.0.jar;D:\Develop\apache-maven-3.5.2\maven_repository\net\minidev\json-smart\2.3\json-smart-2.3.jar;D:\Develop\apache-maven-3.5.2\maven_repository\net\minidev\accessors-smart\1.2\accessors-smart-1.2.jar;D:\Develop\apache-maven-3.5.2\maven_repository\org\ow2\asm\asm\5.0.4\asm-5.0.4.jar;D:\Develop\apache-maven-3.5.2\maven_repository\org\slf4j\slf4j-api\1.7.25\slf4j-api-1.7.25.jar;D:\Develop\apache-maven-3.5.2\maven_repository\junit\junit\4.12\junit-4.12.jar;D:\Develop\apache-maven-3.5.2\maven_repository\org\assertj\assertj-core\3.9.1\assertj-core-3.9.1.jar;D:\Develop\apache-maven-3.5.2\maven_repository\org\mockito\mockito-core\2.15.0\mockito-core-2.15.0.jar;D:\Develop\apache-maven-3.5.2\maven_repository\net\bytebuddy\byte-buddy\1.7.11\byte-buddy-1.7.11.jar;D:\Develop\apache-maven-3.5.2\maven_repository\net\bytebuddy\byte-buddy-agent\1.7.11\byte-buddy-agent-1.7.11.jar;D:\Develop\apache-maven-3.5.2\maven_repository\org\objenesis\objenesis\2.6\objenesis-2.6.jar;D:\Develop\apache-maven-3.5.2\maven_repository\org\hamcrest\hamcrest-core\1.3\hamcrest-core-1.3.jar;D:\Develop\apache-maven-3.5.2\maven_repository\org\hamcrest\hamcrest-library\1.3\hamcrest-library-1.3.jar;D:\Develop\apache-maven-3.5.2\maven_repository\org\skyscreamer\jsonassert\1.5.0\jsonassert-1.5.0.jar;D:\Develop\apache-maven-3.5.2\maven_repository\com\vaadin\external\google\android-json\0.0.20131108.vaadin1\android-json-0.0.20131108.vaadin1.jar;D:\Develop\apache-maven-3.5.2\maven_repository\org\springframework\spring-core\5.0.5.RELEASE\spring-core-5.0.5.RELEASE.jar;D:\Develop\apache-maven-3.5.2\maven_repository\org\springframework\spring-jcl\5.0.5.RELEASE\spring-jcl-5.0.5.RELEASE.jar;D:\Develop\apache-maven-3.5.2\maven_repository\org\springframework\spring-test\5.0.5.RELEASE\spring-test-5.0.5.RELEASE.jar;D:\Develop\apache-maven-3.5.2\maven_repository\org\xmlunit\xmlunit-core\2.5.1\xmlunit-core-2.5.1.jar;D:\Develop\apache-maven-3.5.2\maven_repository\commons-io\commons-io\1.3.2\commons-io-1.3.2.jar;"/>
    <property name="sun.cpu.endian" value="little"/>
    <property name="user.home" value="C:\Users\MaiBenBen"/>
    <property name="user.language" value="zh"/>
    <property name="java.specification.vendor" value="Oracle Corporation"/>
    <property name="java.home" value="D:\java\jdk1.8\jre"/>
    <property name="basedir" value="F:\xcEduservice\test-freemarker"/>
    <property name="file.separator" value="\"/>
    <property name="line.separator" value="&#10;"/>
    <property name="java.vm.specification.vendor" value="Oracle Corporation"/>
    <property name="java.specification.name" value="Java Platform API Specification"/>
    <property name="java.awt.graphicsenv" value="sun.awt.Win32GraphicsEnvironment"/>
    <property name="surefire.real.class.path" value="C:\Users\MAIBEN~1\AppData\Local\Temp\surefire7071621510491352398\surefirebooter7407747699419146252.jar"/>
    <property name="sun.boot.class.path" value="D:\java\jdk1.8\jre\lib\resources.jar;D:\java\jdk1.8\jre\lib\rt.jar;D:\java\jdk1.8\jre\lib\sunrsasign.jar;D:\java\jdk1.8\jre\lib\jsse.jar;D:\java\jdk1.8\jre\lib\jce.jar;D:\java\jdk1.8\jre\lib\charsets.jar;D:\java\jdk1.8\jre\lib\jfr.jar;D:\java\jdk1.8\jre\classes"/>
    <property name="user.script" value=""/>
    <property name="sun.management.compiler" value="HotSpot 64-Bit Tiered Compilers"/>
    <property name="java.runtime.version" value="1.8.0_202-b08"/>
    <property name="user.name" value="MaiBenBen"/>
    <property name="path.separator" value=";"/>
    <property name="os.version" value="10.0"/>
    <property name="java.endorsed.dirs" value="D:\java\jdk1.8\jre\lib\endorsed"/>
    <property name="java.runtime.name" value="Java(TM) SE Runtime Environment"/>
    <property name="file.encoding" value="GBK"/>
    <property name="java.vm.name" value="Java HotSpot(TM) 64-Bit Server VM"/>
    <property name="localRepository" value="D:\Develop\apache-maven-3.5.2\maven_repository"/>
    <property name="java.vendor.url.bug" value="http://bugreport.sun.com/bugreport/"/>
    <property name="java.io.tmpdir" value="C:\Users\MAIBEN~1\AppData\Local\Temp\"/>
    <property name="java.version" value="1.8.0_202"/>
    <property name="user.dir" value="F:\xcEduservice\test-freemarker"/>
    <property name="os.arch" value="amd64"/>
    <property name="java.vm.specification.name" value="Java Virtual Machine Specification"/>
    <property name="java.awt.printerjob" value="sun.awt.windows.WPrinterJob"/>
    <property name="idea.version2019.1.3" value="true"/>
    <property name="sun.os.patch.level" value=""/>
    <property name="java.library.path" value="D:\java\jdk1.8\jre\bin;C:\WINDOWS\Sun\Java\bin;C:\WINDOWS\system32;C:\WINDOWS;D:\Java\jdk1.7\bin;C:\Windows\system32;C:\Windows;C:\Windows\System32\Wbem;C:\Windows\System32\WindowsPowerShell\v1.0\;C:\Program Files (x86)\NVIDIA Corporation\PhysX\Common;C:\Program Files\Intel\WiFi\bin\;C:\Program Files\Common Files\Intel\WirelessCommon\;C:\WINDOWS\system32;C:\WINDOWS;C:\WINDOWS\System32\Wbem;C:\WINDOWS\System32\WindowsPowerShell\v1.0\;C:\WINDOWS\System32\OpenSSH\;D:\Develop\mysql\bin;D:\Develop\apache-maven-3.5.2\bin;D:\develop\VisualSVN Server\bin;AMERICAN_AMERICA.ZHS16GBK;D:\tools\node\npm_modules;D:\tools\node;D:\develop\erl9.3bin;D:\develop\TortoiseGit\bin;D:\develop\Git\cmd;C:\Users\MaiBenBen\AppData\Local\Microsoft\WindowsApps;D:\Develop\mysql\bin;C:\Program Files\Intel\WiFi\bin\;C:\Program Files\Common Files\Intel\WirelessCommon\;D:\Java\jdk1.7\bin;C:\Users\MaiBenBen\AppData\Roaming\npm;."/>
    <property name="java.vm.info" value="mixed mode"/>
    <property name="java.vendor" value="Oracle Corporation"/>
    <property name="java.vm.version" value="25.202-b08"/>
    <property name="java.ext.dirs" value="D:\java\jdk1.8\jre\lib\ext;C:\WINDOWS\Sun\Java\lib\ext"/>
    <property name="sun.io.unicode.encoding" value="UnicodeLittle"/>
    <property name="maven.repo.local" value="D:\Develop\apache-maven-3.5.2\maven_repository"/>
    <property name="java.class.version" value="52.0"/>
  </properties>
  <testcase name="testGenerateHtml" classname="com.xuecheng.test.freemarker.FreemarkerTest" time="1.159"/>
  <testcase name="testGenerateHtmlByString" classname="com.xuecheng.test.freemarker.FreemarkerTest" time="0.006"/>
</testsuite>